{"C:\\Users\\mar13\\Desktop\\cryptsar\\src\\utils\\crypt.ts": {"path":"C:\\Users\\mar13\\Desktop\\cryptsar\\src\\utils\\crypt.ts","all":false,"statementMap":{"0":{"start":{"line":1,"column":0},"end":{"line":1,"column":19}},"1":{"start":{"line":2,"column":0},"end":{"line":2,"column":17}},"2":{"start":{"line":3,"column":0},"end":{"line":3,"column":22}},"3":{"start":{"line":4,"column":0},"end":{"line":4,"column":1}},"4":{"start":{"line":5,"column":0},"end":{"line":5,"column":0}},"5":{"start":{"line":6,"column":0},"end":{"line":6,"column":25}},"6":{"start":{"line":7,"column":0},"end":{"line":7,"column":6}},"7":{"start":{"line":8,"column":0},"end":{"line":8,"column":6}},"8":{"start":{"line":9,"column":0},"end":{"line":9,"column":6}},"9":{"start":{"line":10,"column":0},"end":{"line":10,"column":6}},"10":{"start":{"line":11,"column":0},"end":{"line":11,"column":6}},"11":{"start":{"line":12,"column":0},"end":{"line":12,"column":6}},"12":{"start":{"line":13,"column":0},"end":{"line":13,"column":6}},"13":{"start":{"line":14,"column":0},"end":{"line":14,"column":6}},"14":{"start":{"line":15,"column":0},"end":{"line":15,"column":6}},"15":{"start":{"line":16,"column":0},"end":{"line":16,"column":6}},"16":{"start":{"line":17,"column":0},"end":{"line":17,"column":6}},"17":{"start":{"line":18,"column":0},"end":{"line":18,"column":6}},"18":{"start":{"line":19,"column":0},"end":{"line":19,"column":6}},"19":{"start":{"line":20,"column":0},"end":{"line":20,"column":6}},"20":{"start":{"line":21,"column":0},"end":{"line":21,"column":6}},"21":{"start":{"line":22,"column":0},"end":{"line":22,"column":6}},"22":{"start":{"line":23,"column":0},"end":{"line":23,"column":6}},"23":{"start":{"line":24,"column":0},"end":{"line":24,"column":6}},"24":{"start":{"line":25,"column":0},"end":{"line":25,"column":6}},"25":{"start":{"line":26,"column":0},"end":{"line":26,"column":6}},"26":{"start":{"line":27,"column":0},"end":{"line":27,"column":6}},"27":{"start":{"line":28,"column":0},"end":{"line":28,"column":6}},"28":{"start":{"line":29,"column":0},"end":{"line":29,"column":6}},"29":{"start":{"line":30,"column":0},"end":{"line":30,"column":6}},"30":{"start":{"line":31,"column":0},"end":{"line":31,"column":6}},"31":{"start":{"line":32,"column":0},"end":{"line":32,"column":6}},"32":{"start":{"line":33,"column":0},"end":{"line":33,"column":5}},"33":{"start":{"line":34,"column":0},"end":{"line":34,"column":1}},"34":{"start":{"line":35,"column":0},"end":{"line":35,"column":0}},"35":{"start":{"line":36,"column":0},"end":{"line":36,"column":67}},"36":{"start":{"line":37,"column":0},"end":{"line":37,"column":49}},"37":{"start":{"line":38,"column":0},"end":{"line":38,"column":41}},"38":{"start":{"line":39,"column":0},"end":{"line":39,"column":56}},"39":{"start":{"line":40,"column":0},"end":{"line":40,"column":35}},"40":{"start":{"line":41,"column":0},"end":{"line":41,"column":0}},"41":{"start":{"line":42,"column":0},"end":{"line":42,"column":104}},"42":{"start":{"line":43,"column":0},"end":{"line":43,"column":55}},"43":{"start":{"line":44,"column":0},"end":{"line":44,"column":53}},"44":{"start":{"line":45,"column":0},"end":{"line":45,"column":55}},"45":{"start":{"line":46,"column":0},"end":{"line":46,"column":0}},"46":{"start":{"line":47,"column":0},"end":{"line":47,"column":80}},"47":{"start":{"line":48,"column":0},"end":{"line":48,"column":4}},"48":{"start":{"line":49,"column":0},"end":{"line":49,"column":1}},"49":{"start":{"line":50,"column":0},"end":{"line":50,"column":0}},"50":{"start":{"line":51,"column":0},"end":{"line":51,"column":67}},"51":{"start":{"line":52,"column":0},"end":{"line":52,"column":49}},"52":{"start":{"line":53,"column":0},"end":{"line":53,"column":41}},"53":{"start":{"line":54,"column":0},"end":{"line":54,"column":56}},"54":{"start":{"line":55,"column":0},"end":{"line":55,"column":35}},"55":{"start":{"line":56,"column":0},"end":{"line":56,"column":0}},"56":{"start":{"line":57,"column":0},"end":{"line":57,"column":87}},"57":{"start":{"line":58,"column":0},"end":{"line":58,"column":54}},"58":{"start":{"line":59,"column":0},"end":{"line":59,"column":53}},"59":{"start":{"line":60,"column":0},"end":{"line":60,"column":55}},"60":{"start":{"line":61,"column":0},"end":{"line":61,"column":0}},"61":{"start":{"line":62,"column":0},"end":{"line":62,"column":79}},"62":{"start":{"line":63,"column":0},"end":{"line":63,"column":4}},"63":{"start":{"line":64,"column":0},"end":{"line":64,"column":1}},"64":{"start":{"line":65,"column":0},"end":{"line":65,"column":0}},"65":{"start":{"line":66,"column":0},"end":{"line":66,"column":40}},"66":{"start":{"line":67,"column":0},"end":{"line":67,"column":61}},"67":{"start":{"line":68,"column":0},"end":{"line":68,"column":1}},"68":{"start":{"line":69,"column":0},"end":{"line":69,"column":0}},"69":{"start":{"line":70,"column":0},"end":{"line":70,"column":74}},"70":{"start":{"line":71,"column":0},"end":{"line":71,"column":49}},"71":{"start":{"line":72,"column":0},"end":{"line":72,"column":0}},"72":{"start":{"line":73,"column":0},"end":{"line":73,"column":59}},"73":{"start":{"line":74,"column":0},"end":{"line":74,"column":82}},"74":{"start":{"line":75,"column":0},"end":{"line":75,"column":0}},"75":{"start":{"line":76,"column":0},"end":{"line":76,"column":47}},"76":{"start":{"line":77,"column":0},"end":{"line":77,"column":35}},"77":{"start":{"line":78,"column":0},"end":{"line":78,"column":0}},"78":{"start":{"line":79,"column":0},"end":{"line":79,"column":101}},"79":{"start":{"line":80,"column":0},"end":{"line":80,"column":55}},"80":{"start":{"line":81,"column":0},"end":{"line":81,"column":53}},"81":{"start":{"line":82,"column":0},"end":{"line":82,"column":63}},"82":{"start":{"line":83,"column":0},"end":{"line":83,"column":84}},"83":{"start":{"line":84,"column":0},"end":{"line":84,"column":0}},"84":{"start":{"line":85,"column":0},"end":{"line":85,"column":57}},"85":{"start":{"line":86,"column":0},"end":{"line":86,"column":49}},"86":{"start":{"line":87,"column":0},"end":{"line":87,"column":0}},"87":{"start":{"line":88,"column":0},"end":{"line":88,"column":68}},"88":{"start":{"line":89,"column":0},"end":{"line":89,"column":4}},"89":{"start":{"line":90,"column":0},"end":{"line":90,"column":1}},"90":{"start":{"line":91,"column":0},"end":{"line":91,"column":0}},"91":{"start":{"line":92,"column":0},"end":{"line":92,"column":74}},"92":{"start":{"line":93,"column":0},"end":{"line":93,"column":49}},"93":{"start":{"line":94,"column":0},"end":{"line":94,"column":0}},"94":{"start":{"line":95,"column":0},"end":{"line":95,"column":59}},"95":{"start":{"line":96,"column":0},"end":{"line":96,"column":82}},"96":{"start":{"line":97,"column":0},"end":{"line":97,"column":0}},"97":{"start":{"line":98,"column":0},"end":{"line":98,"column":47}},"98":{"start":{"line":99,"column":0},"end":{"line":99,"column":35}},"99":{"start":{"line":100,"column":0},"end":{"line":100,"column":0}},"100":{"start":{"line":101,"column":0},"end":{"line":101,"column":87}},"101":{"start":{"line":102,"column":0},"end":{"line":102,"column":54}},"102":{"start":{"line":103,"column":0},"end":{"line":103,"column":53}},"103":{"start":{"line":104,"column":0},"end":{"line":104,"column":51}},"104":{"start":{"line":105,"column":0},"end":{"line":105,"column":83}},"105":{"start":{"line":106,"column":0},"end":{"line":106,"column":0}},"106":{"start":{"line":107,"column":0},"end":{"line":107,"column":57}},"107":{"start":{"line":108,"column":0},"end":{"line":108,"column":49}},"108":{"start":{"line":109,"column":0},"end":{"line":109,"column":0}},"109":{"start":{"line":110,"column":0},"end":{"line":110,"column":68}},"110":{"start":{"line":111,"column":0},"end":{"line":111,"column":4}},"111":{"start":{"line":112,"column":0},"end":{"line":112,"column":1}}},"s":{"0":1,"1":1,"2":1,"3":1,"4":1,"5":1,"6":1,"7":1,"8":1,"9":1,"10":1,"11":1,"12":1,"13":1,"14":1,"15":1,"16":1,"17":1,"18":1,"19":1,"20":1,"21":1,"22":1,"23":1,"24":1,"25":1,"26":1,"27":1,"28":1,"29":1,"30":1,"31":1,"32":1,"33":1,"34":1,"35":1,"36":1,"37":10,"38":10,"39":10,"40":10,"41":10,"42":10,"43":10,"44":10,"45":10,"46":10,"47":1,"48":1,"49":1,"50":1,"51":1,"52":13,"53":13,"54":13,"55":13,"56":13,"57":13,"58":13,"59":13,"60":13,"61":13,"62":1,"63":1,"64":1,"65":1,"66":4,"67":4,"68":1,"69":1,"70":2,"71":2,"72":2,"73":11,"74":11,"75":11,"76":11,"77":11,"78":11,"79":11,"80":11,"81":11,"82":11,"83":11,"84":11,"85":11,"86":11,"87":11,"88":2,"89":2,"90":1,"91":1,"92":2,"93":2,"94":2,"95":12,"96":12,"97":12,"98":12,"99":12,"100":12,"101":12,"102":12,"103":12,"104":12,"105":12,"106":12,"107":12,"108":12,"109":12,"110":2,"111":2},"branchMap":{"0":{"type":"branch","line":36,"loc":{"start":{"line":36,"column":23},"end":{"line":49,"column":1}},"locations":[{"start":{"line":36,"column":23},"end":{"line":49,"column":1}}]},"1":{"type":"branch","line":37,"loc":{"start":{"line":37,"column":36},"end":{"line":48,"column":3}},"locations":[{"start":{"line":37,"column":36},"end":{"line":48,"column":3}}]},"2":{"type":"branch","line":47,"loc":{"start":{"line":47,"column":58},"end":{"line":47,"column":77}},"locations":[{"start":{"line":47,"column":58},"end":{"line":47,"column":77}}]},"3":{"type":"branch","line":47,"loc":{"start":{"line":47,"column":71},"end":{"line":47,"column":79}},"locations":[{"start":{"line":47,"column":71},"end":{"line":47,"column":79}}]},"4":{"type":"branch","line":51,"loc":{"start":{"line":51,"column":23},"end":{"line":64,"column":1}},"locations":[{"start":{"line":51,"column":23},"end":{"line":64,"column":1}}]},"5":{"type":"branch","line":52,"loc":{"start":{"line":52,"column":36},"end":{"line":63,"column":3}},"locations":[{"start":{"line":52,"column":36},"end":{"line":63,"column":3}}]},"6":{"type":"branch","line":62,"loc":{"start":{"line":62,"column":58},"end":{"line":62,"column":76}},"locations":[{"start":{"line":62,"column":58},"end":{"line":62,"column":76}}]},"7":{"type":"branch","line":62,"loc":{"start":{"line":62,"column":71},"end":{"line":62,"column":78}},"locations":[{"start":{"line":62,"column":71},"end":{"line":62,"column":78}}]},"8":{"type":"branch","line":66,"loc":{"start":{"line":66,"column":22},"end":{"line":68,"column":1}},"locations":[{"start":{"line":66,"column":22},"end":{"line":68,"column":1}}]},"9":{"type":"branch","line":70,"loc":{"start":{"line":70,"column":30},"end":{"line":90,"column":1}},"locations":[{"start":{"line":70,"column":30},"end":{"line":90,"column":1}}]},"10":{"type":"branch","line":73,"loc":{"start":{"line":73,"column":46},"end":{"line":89,"column":3}},"locations":[{"start":{"line":73,"column":46},"end":{"line":89,"column":3}}]},"11":{"type":"branch","line":83,"loc":{"start":{"line":83,"column":53},"end":{"line":83,"column":82}},"locations":[{"start":{"line":83,"column":53},"end":{"line":83,"column":82}}]},"12":{"type":"branch","line":83,"loc":{"start":{"line":83,"column":67},"end":{"line":83,"column":84}},"locations":[{"start":{"line":83,"column":67},"end":{"line":83,"column":84}}]},"13":{"type":"branch","line":88,"loc":{"start":{"line":88,"column":11},"end":{"line":88,"column":39}},"locations":[{"start":{"line":88,"column":11},"end":{"line":88,"column":39}}]},"14":{"type":"branch","line":88,"loc":{"start":{"line":88,"column":21},"end":{"line":88,"column":68}},"locations":[{"start":{"line":88,"column":21},"end":{"line":88,"column":68}}]},"15":{"type":"branch","line":74,"loc":{"start":{"line":74,"column":48},"end":{"line":74,"column":81}},"locations":[{"start":{"line":74,"column":48},"end":{"line":74,"column":81}}]},"16":{"type":"branch","line":92,"loc":{"start":{"line":92,"column":30},"end":{"line":112,"column":1}},"locations":[{"start":{"line":92,"column":30},"end":{"line":112,"column":1}}]},"17":{"type":"branch","line":95,"loc":{"start":{"line":95,"column":46},"end":{"line":111,"column":3}},"locations":[{"start":{"line":95,"column":46},"end":{"line":111,"column":3}}]},"18":{"type":"branch","line":105,"loc":{"start":{"line":105,"column":53},"end":{"line":105,"column":81}},"locations":[{"start":{"line":105,"column":53},"end":{"line":105,"column":81}}]},"19":{"type":"branch","line":105,"loc":{"start":{"line":105,"column":66},"end":{"line":105,"column":83}},"locations":[{"start":{"line":105,"column":66},"end":{"line":105,"column":83}}]},"20":{"type":"branch","line":110,"loc":{"start":{"line":110,"column":11},"end":{"line":110,"column":39}},"locations":[{"start":{"line":110,"column":11},"end":{"line":110,"column":39}}]},"21":{"type":"branch","line":110,"loc":{"start":{"line":110,"column":21},"end":{"line":110,"column":68}},"locations":[{"start":{"line":110,"column":21},"end":{"line":110,"column":68}}]},"22":{"type":"branch","line":96,"loc":{"start":{"line":96,"column":48},"end":{"line":96,"column":81}},"locations":[{"start":{"line":96,"column":48},"end":{"line":96,"column":81}}]}},"b":{"0":[1],"1":[10],"2":[1],"3":[9],"4":[1],"5":[13],"6":[4],"7":[9],"8":[4],"9":[2],"10":[11],"11":[1],"12":[10],"13":[2],"14":[9],"15":[154],"16":[2],"17":[12],"18":[1],"19":[11],"20":[3],"21":[9],"22":[148]},"fnMap":{"0":{"name":"encrypt","decl":{"start":{"line":36,"column":23},"end":{"line":49,"column":1}},"loc":{"start":{"line":36,"column":23},"end":{"line":49,"column":1}},"line":36},"1":{"name":"decrypt","decl":{"start":{"line":51,"column":23},"end":{"line":64,"column":1}},"loc":{"start":{"line":51,"column":23},"end":{"line":64,"column":1}},"line":51},"2":{"name":"removeAccents","decl":{"start":{"line":66,"column":22},"end":{"line":68,"column":1}},"loc":{"start":{"line":66,"column":22},"end":{"line":68,"column":1}},"line":66},"3":{"name":"encryptSpanish","decl":{"start":{"line":70,"column":30},"end":{"line":90,"column":1}},"loc":{"start":{"line":70,"column":30},"end":{"line":90,"column":1}},"line":70},"4":{"name":"decryptSpanish","decl":{"start":{"line":92,"column":30},"end":{"line":112,"column":1}},"loc":{"start":{"line":92,"column":30},"end":{"line":112,"column":1}},"line":92}},"f":{"0":1,"1":1,"2":4,"3":2,"4":2}}
}
